  main.cpp
c:\users\sgal\documents\5th year\cs7gv3 - real-time rendering\assignments\labs\lab 2\lab2\lab2\main.cpp(83): warning C4305: 'initializing': truncation from 'double' to 'float'
c:\users\sgal\documents\5th year\cs7gv3 - real-time rendering\assignments\labs\lab 2\lab2\lab2\main.cpp(84): warning C4305: 'initializing': truncation from 'double' to 'float'
c:\users\sgal\documents\5th year\cs7gv3 - real-time rendering\assignments\labs\lab 2\lab2\lab2\main.cpp(85): warning C4305: 'initializing': truncation from 'double' to 'float'
c:\users\sgal\documents\5th year\cs7gv3 - real-time rendering\assignments\labs\lab 2\lab2\lab2\main.cpp(219): warning C4838: conversion from 'FT_Pos' to 'unsigned int' requires a narrowing conversion
c:\users\sgal\documents\5th year\cs7gv3 - real-time rendering\assignments\labs\lab 2\lab2\lab2\main.cpp(462): warning C4018: '<': signed/unsigned mismatch
c:\users\sgal\documents\5th year\cs7gv3 - real-time rendering\assignments\labs\lab 2\lab2\lab2\main.cpp(644): warning C4305: '=': truncation from 'double' to 'float'
c:\users\sgal\documents\5th year\cs7gv3 - real-time rendering\assignments\labs\lab 2\lab2\lab2\main.cpp(654): warning C4305: '=': truncation from 'double' to 'float'
c:\users\sgal\documents\5th year\cs7gv3 - real-time rendering\assignments\labs\lab 2\lab2\lab2\main.cpp(688): warning C4305: '=': truncation from 'double' to 'float'
c:\users\sgal\documents\5th year\cs7gv3 - real-time rendering\assignments\labs\lab 2\lab2\lab2\main.cpp(689): warning C4305: '=': truncation from 'double' to 'float'
c:\users\sgal\documents\5th year\cs7gv3 - real-time rendering\assignments\labs\lab 2\lab2\lab2\main.cpp(690): warning C4305: '=': truncation from 'double' to 'float'
c:\users\sgal\documents\5th year\cs7gv3 - real-time rendering\assignments\labs\lab 2\lab2\lab2\main.cpp(703): warning C4305: '=': truncation from 'double' to 'float'
c:\users\sgal\documents\5th year\cs7gv3 - real-time rendering\assignments\labs\lab 2\lab2\lab2\main.cpp(704): warning C4305: '=': truncation from 'double' to 'float'
c:\users\sgal\documents\5th year\cs7gv3 - real-time rendering\assignments\labs\lab 2\lab2\lab2\main.cpp(705): warning C4305: '=': truncation from 'double' to 'float'
c:\users\sgal\documents\5th year\cs7gv3 - real-time rendering\assignments\labs\lab 2\lab2\lab2\main.cpp(718): warning C4305: '=': truncation from 'double' to 'float'
c:\users\sgal\documents\5th year\cs7gv3 - real-time rendering\assignments\labs\lab 2\lab2\lab2\main.cpp(719): warning C4305: '=': truncation from 'double' to 'float'
c:\users\sgal\documents\5th year\cs7gv3 - real-time rendering\assignments\labs\lab 2\lab2\lab2\main.cpp(720): warning C4305: '=': truncation from 'double' to 'float'
c:\users\sgal\documents\5th year\cs7gv3 - real-time rendering\assignments\labs\lab 2\lab2\lab2\main.cpp(736): warning C4305: '=': truncation from 'double' to 'float'
c:\users\sgal\documents\5th year\cs7gv3 - real-time rendering\assignments\labs\lab 2\lab2\lab2\main.cpp(737): warning C4305: '=': truncation from 'double' to 'float'
c:\users\sgal\documents\5th year\cs7gv3 - real-time rendering\assignments\labs\lab 2\lab2\lab2\main.cpp(738): warning C4305: '=': truncation from 'double' to 'float'
c:\users\sgal\documents\5th year\cs7gv3 - real-time rendering\assignments\labs\lab 2\lab2\lab2\main.cpp(751): warning C4305: '=': truncation from 'double' to 'float'
c:\users\sgal\documents\5th year\cs7gv3 - real-time rendering\assignments\labs\lab 2\lab2\lab2\main.cpp(752): warning C4305: '=': truncation from 'double' to 'float'
c:\users\sgal\documents\5th year\cs7gv3 - real-time rendering\assignments\labs\lab 2\lab2\lab2\main.cpp(753): warning C4305: '=': truncation from 'double' to 'float'
c:\users\sgal\documents\5th year\cs7gv3 - real-time rendering\assignments\labs\lab 2\lab2\lab2\main.cpp(766): warning C4305: '=': truncation from 'double' to 'float'
c:\users\sgal\documents\5th year\cs7gv3 - real-time rendering\assignments\labs\lab 2\lab2\lab2\main.cpp(767): warning C4305: '=': truncation from 'double' to 'float'
c:\users\sgal\documents\5th year\cs7gv3 - real-time rendering\assignments\labs\lab 2\lab2\lab2\main.cpp(768): warning C4305: '=': truncation from 'double' to 'float'
c:\users\sgal\documents\5th year\cs7gv3 - real-time rendering\assignments\labs\lab 2\lab2\lab2\main.cpp(784): warning C4305: '=': truncation from 'double' to 'float'
c:\users\sgal\documents\5th year\cs7gv3 - real-time rendering\assignments\labs\lab 2\lab2\lab2\main.cpp(785): warning C4305: '=': truncation from 'double' to 'float'
c:\users\sgal\documents\5th year\cs7gv3 - real-time rendering\assignments\labs\lab 2\lab2\lab2\main.cpp(786): warning C4305: '=': truncation from 'double' to 'float'
c:\users\sgal\documents\5th year\cs7gv3 - real-time rendering\assignments\labs\lab 2\lab2\lab2\main.cpp(799): warning C4305: '=': truncation from 'double' to 'float'
c:\users\sgal\documents\5th year\cs7gv3 - real-time rendering\assignments\labs\lab 2\lab2\lab2\main.cpp(800): warning C4305: '=': truncation from 'double' to 'float'
c:\users\sgal\documents\5th year\cs7gv3 - real-time rendering\assignments\labs\lab 2\lab2\lab2\main.cpp(801): warning C4305: '=': truncation from 'double' to 'float'
c:\users\sgal\documents\5th year\cs7gv3 - real-time rendering\assignments\labs\lab 2\lab2\lab2\main.cpp(814): warning C4305: '=': truncation from 'double' to 'float'
c:\users\sgal\documents\5th year\cs7gv3 - real-time rendering\assignments\labs\lab 2\lab2\lab2\main.cpp(815): warning C4305: '=': truncation from 'double' to 'float'
c:\users\sgal\documents\5th year\cs7gv3 - real-time rendering\assignments\labs\lab 2\lab2\lab2\main.cpp(816): warning C4305: '=': truncation from 'double' to 'float'
c:\users\sgal\documents\5th year\cs7gv3 - real-time rendering\assignments\labs\lab 2\lab2\lab2\main.cpp(226): warning C4715: 'createFont': not all control paths return a value
  Lab2.vcxproj -> C:\Users\sgal\Documents\5th Year\CS7GV3 - Real-Time Rendering\Assignments\Labs\Lab 2\Lab2\Debug\Lab2.exe
